Determining if the pthread_create exist failed with the following output:
Change Dir: /home/petern25/catkin_ws/build/rosapi/CMakeFiles/CMakeTmp

Run Build Command:"/usr/bin/make" "cmTC_d72aa/fast"
/usr/bin/make -f CMakeFiles/cmTC_d72aa.dir/build.make CMakeFiles/cmTC_d72aa.dir/build
make[1]: Entering directory '/home/petern25/catkin_ws/build/rosapi/CMakeFiles/CMakeTmp'
Building C object CMakeFiles/cmTC_d72aa.dir/CheckSymbolExists.c.o
/usr/bin/cc    -o CMakeFiles/cmTC_d72aa.dir/CheckSymbolExists.c.o   -c /home/petern25/catkin_ws/build/rosapi/CMakeFiles/CMakeTmp/CheckSymbolExists.c
Linking C executable cmTC_d72aa
/usr/bin/cmake -E cmake_link_script CMakeFiles/cmTC_d72aa.dir/link.txt --verbose=1
/usr/bin/cc      -rdynamic CMakeFiles/cmTC_d72aa.dir/CheckSymbolExists.c.o  -o cmTC_d72aa 
CMakeFiles/cmTC_d72aa.dir/CheckSymbolExists.c.o: In function `main':
CheckSymbolExists.c:(.text+0x1b): undefined reference to `pthread_create'
collect2: error: ld returned 1 exit status
CMakeFiles/cmTC_d72aa.dir/build.make:97: recipe for target 'cmTC_d72aa' failed
make[1]: *** [cmTC_d72aa] Error 1
make[1]: Leaving directory '/home/petern25/catkin_ws/build/rosapi/CMakeFiles/CMakeTmp'
Makefile:126: recipe for target 'cmTC_d72aa/fast' failed
make: *** [cmTC_d72aa/fast] Error 2

File /home/petern25/catkin_ws/build/rosapi/CMakeFiles/CMakeTmp/CheckSymbolExists.c:
/* */
#include <pthread.h>

int main(int argc, char** argv)
{
  (void)argv;
#ifndef pthread_create
  return ((int*)(&pthread_create))[argc];
#else
  (void)argc;
  return 0;
#endif
}

Determining if the function pthread_create exists in the pthreads failed with the following output:
Change Dir: /home/petern25/catkin_ws/build/rosapi/CMakeFiles/CMakeTmp

Run Build Command:"/usr/bin/make" "cmTC_aa317/fast"
/usr/bin/make -f CMakeFiles/cmTC_aa317.dir/build.make CMakeFiles/cmTC_aa317.dir/build
make[1]: Entering directory '/home/petern25/catkin_ws/build/rosapi/CMakeFiles/CMakeTmp'
Building C object CMakeFiles/cmTC_aa317.dir/CheckFunctionExists.c.o
/usr/bin/cc   -DCHECK_FUNCTION_EXISTS=pthread_create   -o CMakeFiles/cmTC_aa317.dir/CheckFunctionExists.c.o   -c /usr/share/cmake-3.10/Modules/CheckFunctionExists.c
Linking C executable cmTC_aa317
/usr/bin/cmake -E cmake_link_script CMakeFiles/cmTC_aa317.dir/link.txt --verbose=1
/usr/bin/cc  -DCHECK_FUNCTION_EXISTS=pthread_create    -rdynamic CMakeFiles/cmTC_aa317.dir/CheckFunctionExists.c.o  -o cmTC_aa317 -lpthreads 
/usr/bin/ld: cannot find -lpthreads
collect2: error: ld returned 1 exit status
CMakeFiles/cmTC_aa317.dir/build.make:97: recipe for target 'cmTC_aa317' failed
make[1]: *** [cmTC_aa317] Error 1
make[1]: Leaving directory '/home/petern25/catkin_ws/build/rosapi/CMakeFiles/CMakeTmp'
Makefile:126: recipe for target 'cmTC_aa317/fast' failed
make: *** [cmTC_aa317/fast] Error 2


