[35m[1mScanning dependencies of target std_msgs_generate_messages_cpp[0m
[35m[1mScanning dependencies of target std_msgs_generate_messages_lisp[0m
[35m[1mScanning dependencies of target _rosbridge_msgs_generate_messages_check_deps_ConnectedClients[0m
[35m[1mScanning dependencies of target _rosbridge_msgs_generate_messages_check_deps_ConnectedClient[0m
[35m[1mScanning dependencies of target std_msgs_generate_messages_py[0m
[35m[1mScanning dependencies of target std_msgs_generate_messages_nodejs[0m
[35m[1mScanning dependencies of target std_msgs_generate_messages_eus[0m
[  0%] Built target std_msgs_generate_messages_lisp
[  0%] Built target std_msgs_generate_messages_cpp
[  0%] Built target std_msgs_generate_messages_py
[  0%] Built target std_msgs_generate_messages_eus
[  0%] Built target std_msgs_generate_messages_nodejs
[  0%] Built target _rosbridge_msgs_generate_messages_check_deps_ConnectedClients
[  0%] Built target _rosbridge_msgs_generate_messages_check_deps_ConnectedClient
[35m[1mScanning dependencies of target rosbridge_msgs_generate_messages_cpp[0m
[35m[1mScanning dependencies of target rosbridge_msgs_generate_messages_eus[0m
[35m[1mScanning dependencies of target rosbridge_msgs_generate_messages_py[0m
[35m[1mScanning dependencies of target rosbridge_msgs_generate_messages_lisp[0m
[35m[1mScanning dependencies of target rosbridge_msgs_generate_messages_nodejs[0m
[ 25%] [34m[1mGenerating Python from MSG rosbridge_msgs/ConnectedClients[0m
[ 25%] [34m[1mGenerating Javascript code from rosbridge_msgs/ConnectedClients.msg[0m
[ 25%] [34m[1mGenerating Lisp code from rosbridge_msgs/ConnectedClients.msg[0m
[ 33%] [34m[1mGenerating EusLisp manifest code for rosbridge_msgs[0m
[ 41%] [34m[1mGenerating EusLisp code from rosbridge_msgs/ConnectedClients.msg[0m
[ 50%] [34m[1mGenerating EusLisp code from rosbridge_msgs/ConnectedClient.msg[0m
[ 58%] [34m[1mGenerating Javascript code from rosbridge_msgs/ConnectedClient.msg[0m
[ 75%] [34m[1mGenerating C++ code from rosbridge_msgs/ConnectedClient.msg[0m
[ 75%] [34m[1mGenerating C++ code from rosbridge_msgs/ConnectedClients.msg[0m
[ 91%] [34m[1mGenerating Python from MSG rosbridge_msgs/ConnectedClient[0m
[ 91%] [34m[1mGenerating Lisp code from rosbridge_msgs/ConnectedClient.msg[0m
[ 91%] Built target rosbridge_msgs_generate_messages_lisp
WARNING: Package name "ROS_Integration" does not follow the naming conventions. It should start with a lower case letter and only contain lower case letters, digits, underscores, and dashes.
[ 91%] Built target rosbridge_msgs_generate_messages_nodejs
[ 91%] Built target rosbridge_msgs_generate_messages_cpp
[100%] [34m[1mGenerating Python msg __init__.py for rosbridge_msgs[0m
WARNING: Package name "ROS_Integration" does not follow the naming conventions. It should start with a lower case letter and only contain lower case letters, digits, underscores, and dashes.
[100%] Built target rosbridge_msgs_generate_messages_py
[100%] Built target rosbridge_msgs_generate_messages_eus
[35m[1mScanning dependencies of target rosbridge_msgs_generate_messages[0m
[100%] Built target rosbridge_msgs_generate_messages
