Determining if the pthread_create exist failed with the following output:
Change Dir: /home/petern25/catkin_ws/build/catkin_tools_prebuild/CMakeFiles/CMakeTmp

Run Build Command:"/usr/bin/make" "cmTC_c7856/fast"
/usr/bin/make -f CMakeFiles/cmTC_c7856.dir/build.make CMakeFiles/cmTC_c7856.dir/build
make[1]: Entering directory '/home/petern25/catkin_ws/build/catkin_tools_prebuild/CMakeFiles/CMakeTmp'
Building C object CMakeFiles/cmTC_c7856.dir/CheckSymbolExists.c.o
/usr/bin/cc    -o CMakeFiles/cmTC_c7856.dir/CheckSymbolExists.c.o   -c /home/petern25/catkin_ws/build/catkin_tools_prebuild/CMakeFiles/CMakeTmp/CheckSymbolExists.c
Linking C executable cmTC_c7856
/usr/bin/cmake -E cmake_link_script CMakeFiles/cmTC_c7856.dir/link.txt --verbose=1
/usr/bin/cc      -rdynamic CMakeFiles/cmTC_c7856.dir/CheckSymbolExists.c.o  -o cmTC_c7856 
CMakeFiles/cmTC_c7856.dir/CheckSymbolExists.c.o: In function `main':
CheckSymbolExists.c:(.text+0x1b): undefined reference to `pthread_create'
collect2: error: ld returned 1 exit status
CMakeFiles/cmTC_c7856.dir/build.make:97: recipe for target 'cmTC_c7856' failed
make[1]: *** [cmTC_c7856] Error 1
make[1]: Leaving directory '/home/petern25/catkin_ws/build/catkin_tools_prebuild/CMakeFiles/CMakeTmp'
Makefile:126: recipe for target 'cmTC_c7856/fast' failed
make: *** [cmTC_c7856/fast] Error 2

File /home/petern25/catkin_ws/build/catkin_tools_prebuild/CMakeFiles/CMakeTmp/CheckSymbolExists.c:
/* */
#include <pthread.h>

int main(int argc, char** argv)
{
  (void)argv;
#ifndef pthread_create
  return ((int*)(&pthread_create))[argc];
#else
  (void)argc;
  return 0;
#endif
}

Determining if the function pthread_create exists in the pthreads failed with the following output:
Change Dir: /home/petern25/catkin_ws/build/catkin_tools_prebuild/CMakeFiles/CMakeTmp

Run Build Command:"/usr/bin/make" "cmTC_87320/fast"
/usr/bin/make -f CMakeFiles/cmTC_87320.dir/build.make CMakeFiles/cmTC_87320.dir/build
make[1]: Entering directory '/home/petern25/catkin_ws/build/catkin_tools_prebuild/CMakeFiles/CMakeTmp'
Building C object CMakeFiles/cmTC_87320.dir/CheckFunctionExists.c.o
/usr/bin/cc   -DCHECK_FUNCTION_EXISTS=pthread_create   -o CMakeFiles/cmTC_87320.dir/CheckFunctionExists.c.o   -c /usr/share/cmake-3.10/Modules/CheckFunctionExists.c
Linking C executable cmTC_87320
/usr/bin/cmake -E cmake_link_script CMakeFiles/cmTC_87320.dir/link.txt --verbose=1
/usr/bin/cc  -DCHECK_FUNCTION_EXISTS=pthread_create    -rdynamic CMakeFiles/cmTC_87320.dir/CheckFunctionExists.c.o  -o cmTC_87320 -lpthreads 
/usr/bin/ld: cannot find -lpthreads
collect2: error: ld returned 1 exit status
CMakeFiles/cmTC_87320.dir/build.make:97: recipe for target 'cmTC_87320' failed
make[1]: *** [cmTC_87320] Error 1
make[1]: Leaving directory '/home/petern25/catkin_ws/build/catkin_tools_prebuild/CMakeFiles/CMakeTmp'
Makefile:126: recipe for target 'cmTC_87320/fast' failed
make: *** [cmTC_87320/fast] Error 2


