[01m[K/home/petern25/catkin_ws/src/ROS_Integration/src/player_position_listener.cpp:[m[K In function ‘[01m[Kvoid playerPositionCallback(const ConstPtr&)[m[K’:
[01m[K/home/petern25/catkin_ws/src/ROS_Integration/src/player_position_listener.cpp:9:13:[m[K [01;31m[Kerror: [m[K‘[01m[Kboost::shared_ptr<const geometry_msgs::Vector3_<std::allocator<void> > >::element_type* boost::shared_ptr<const geometry_msgs::Vector3_<std::allocator<void> > >::px[m[K’ is private within this context
   print(msg.[01;31m[Kpx[m[K);
             [01;31m[K^~[m[K
In file included from [01m[K/usr/include/boost/shared_ptr.hpp:17:0[m[K,
                 from [01m[K/opt/ros/melodic/include/ros/forwards.h:37[m[K,
                 from [01m[K/opt/ros/melodic/include/ros/common.h:37[m[K,
                 from [01m[K/opt/ros/melodic/include/ros/ros.h:43[m[K,
                 from [01m[K/home/petern25/catkin_ws/src/ROS_Integration/src/player_position_listener.cpp:1[m[K:
[01m[K/usr/include/boost/smart_ptr/shared_ptr.hpp:818:20:[m[K [01;36m[Knote: [m[Kdeclared private here
     element_type * [01;36m[Kpx[m[K;                 // contained pointer
                    [01;36m[K^~[m[K
[01m[K/home/petern25/catkin_ws/src/ROS_Integration/src/player_position_listener.cpp:9:3:[m[K [01;31m[Kerror: [m[K‘[01m[Kprint[m[K’ was not declared in this scope
   [01;31m[Kprint[m[K(msg.px);
   [01;31m[K^~~~~[m[K
[01m[K/home/petern25/catkin_ws/src/ROS_Integration/src/player_position_listener.cpp:9:3:[m[K [01;36m[Knote: [m[Ksuggested alternatives:
In file included from [01m[K/opt/ros/melodic/include/ros/ros.h:40:0[m[K,
                 from [01m[K/home/petern25/catkin_ws/src/ROS_Integration/src/player_position_listener.cpp:1[m[K:
[01m[K/opt/ros/melodic/include/ros/console.h:162:22:[m[K [01;36m[Knote: [m[K  ‘[01m[Kros::console::print[m[K’
 ROSCONSOLE_DECL void [01;36m[Kprint[m[K(FilterBase* filter, void* logger, Level level,
                      [01;36m[K^~~~~[m[K
In file included from [01m[K/opt/ros/melodic/include/ros/console.h:35:0[m[K,
                 from [01m[K/opt/ros/melodic/include/ros/ros.h:40[m[K,
                 from [01m[K/home/petern25/catkin_ws/src/ROS_Integration/src/player_position_listener.cpp:1[m[K:
[01m[K/opt/ros/melodic/include/ros/console_backend.h:73:30:[m[K [01;36m[Knote: [m[K  ‘[01m[Kros::console::backend::print[m[K’
 ROSCONSOLE_BACKEND_DECL void [01;36m[Kprint[m[K(void* logger_handle, ::ros::console::Level level, const char* str, const char* file, const char* function, int line);
                              [01;36m[K^~~~~[m[K
make[2]: *** [CMakeFiles/player_position_listener.dir/src/player_position_listener.cpp.o] Error 1
make[1]: *** [CMakeFiles/player_position_listener.dir/all] Error 2
make: *** [all] Error 2
