[ 14%] Built target geometry_msgs_generate_messages_lisp
[ 14%] Built target geometry_msgs_generate_messages_eus
[ 14%] Built target geometry_msgs_generate_messages_py
[ 14%] [32mBuilding CXX object CMakeFiles/player_position_listener.dir/src/player_position_listener.cpp.o[0m
[ 14%] Built target std_msgs_generate_messages_eus
[ 14%] Built target geometry_msgs_generate_messages_nodejs
[ 14%] Built target std_msgs_generate_messages_nodejs
[ 14%] Built target std_msgs_generate_messages_cpp
[ 14%] Built target std_msgs_generate_messages_lisp
[ 14%] Built target geometry_msgs_generate_messages_cpp
[ 14%] Built target std_msgs_generate_messages_py
[ 42%] Built target talker
[ 57%] [32m[1mLinking CXX executable /home/petern25/catkin_ws/devel/.private/ROS_Integration/lib/ROS_Integration/listener[0m
[ 57%] Built target ROS_Integration_generate_messages_nodejs
[ 71%] Built target ROS_Integration_generate_messages_cpp
[ 71%] Built target ROS_Integration_generate_messages_lisp
[ 71%] Built target ROS_Integration_generate_messages_eus
[ 71%] Built target ROS_Integration_generate_messages_py
[ 71%] Built target ROS_Integration_generate_messages
[ 85%] Built target listener
[01m[K/home/petern25/catkin_ws/src/ROS_Integration/src/player_position_listener.cpp:[m[K In function ‘[01m[Kvoid chatterCallback(const ConstPtr&)[m[K’:
[01m[K/home/petern25/catkin_ws/src/ROS_Integration/src/player_position_listener.cpp:9:33:[m[K [01;31m[Kerror: [m[K‘[01m[Kconst ConstPtr {aka const class boost::shared_ptr<const geometry_msgs::Vector3_<std::allocator<void> > >}[m[K’ has no member named ‘[01m[Kx[m[K’; did you mean ‘[01m[Kpx[m[K’?
   std::cout << "I heard" << msg.[01;31m[Kx[m[K << std::endl;;
                                 [01;31m[K^[m[K
                                 [32m[Kpx[m[K
CMakeFiles/player_position_listener.dir/build.make:62: recipe for target 'CMakeFiles/player_position_listener.dir/src/player_position_listener.cpp.o' failed
make[2]: *** [CMakeFiles/player_position_listener.dir/src/player_position_listener.cpp.o] Error 1
CMakeFiles/Makefile2:67: recipe for target 'CMakeFiles/player_position_listener.dir/all' failed
make[1]: *** [CMakeFiles/player_position_listener.dir/all] Error 2
Makefile:140: recipe for target 'all' failed
make: *** [all] Error 2
